{"level":"error","message":"Document encryption failed: Invalid key ID","timestamp":"2024-12-11T23:18:31.458Z"}
{"level":"error","message":"Document encryption failed: Invalid key ID","timestamp":"2024-12-11T23:24:10.165Z"}
{"level":"error","message":"Failed to retrieve key: A secret with (name/id) testkey2-AES was not found in this key vault. If you recently deleted this secret you may be able to recover it using the correct recovery command. For help resolving this issue, please see https://go.microsoft.com/fwlink/?linkid=2125182","timestamp":"2024-12-12T20:23:08.322Z"}
{"level":"error","message":"Failed to retrieve key: A secret with (name/id) testkey2 was not found in this key vault. If you recently deleted this secret you may be able to recover it using the correct recovery command. For help resolving this issue, please see https://go.microsoft.com/fwlink/?linkid=2125182","timestamp":"2024-12-12T20:23:19.036Z"}
{"level":"error","message":"Key retrieval failed: Failed to retrieve key: A secret with (name/id) testkey2 was not found in this key vault. If you recently deleted this secret you may be able to recover it using the correct recovery command. For help resolving this issue, please see https://go.microsoft.com/fwlink/?linkid=2125182","timestamp":"2024-12-12T20:23:19.043Z"}
{"level":"error","message":"Failed to retrieve key: A secret with (name/id) testkey3-AES was not found in this key vault. If you recently deleted this secret you may be able to recover it using the correct recovery command. For help resolving this issue, please see https://go.microsoft.com/fwlink/?linkid=2125182","timestamp":"2024-12-12T20:30:08.932Z"}
{"level":"error","message":"Key retrieval failed: Failed to retrieve key: A secret with (name/id) testkey3-AES was not found in this key vault. If you recently deleted this secret you may be able to recover it using the correct recovery command. For help resolving this issue, please see https://go.microsoft.com/fwlink/?linkid=2125182","timestamp":"2024-12-12T20:30:08.934Z"}
{"level":"error","message":"Key generation failed: Key name already exists","timestamp":"2024-12-12T20:30:15.975Z"}
{"level":"error","message":"Failed to retrieve key: A secret with (name/id) testkey3-AES was not found in this key vault. If you recently deleted this secret you may be able to recover it using the correct recovery command. For help resolving this issue, please see https://go.microsoft.com/fwlink/?linkid=2125182","timestamp":"2024-12-12T20:30:20.360Z"}
{"level":"error","message":"Failed to retrieve key: A secret with (name/id) testkey3 was not found in this key vault. If you recently deleted this secret you may be able to recover it using the correct recovery command. For help resolving this issue, please see https://go.microsoft.com/fwlink/?linkid=2125182","timestamp":"2024-12-12T20:31:21.133Z"}
{"level":"error","message":"Encryption failed: Failed to retrieve key: A secret with (name/id) testkey3 was not found in this key vault. If you recently deleted this secret you may be able to recover it using the correct recovery command. For help resolving this issue, please see https://go.microsoft.com/fwlink/?linkid=2125182","timestamp":"2024-12-12T20:31:21.138Z"}
{"level":"error","message":"Document encryption failed: Encryption failed: Failed to retrieve key: A secret with (name/id) testkey3 was not found in this key vault. If you recently deleted this secret you may be able to recover it using the correct recovery command. For help resolving this issue, please see https://go.microsoft.com/fwlink/?linkid=2125182","timestamp":"2024-12-12T20:31:21.151Z"}
{"level":"error","message":"Failed to retrieve key: A secret with (name/id) testkey2 was not found in this key vault. If you recently deleted this secret you may be able to recover it using the correct recovery command. For help resolving this issue, please see https://go.microsoft.com/fwlink/?linkid=2125182","timestamp":"2024-12-12T20:31:29.426Z"}
{"level":"error","message":"Encryption failed: Failed to retrieve key: A secret with (name/id) testkey2 was not found in this key vault. If you recently deleted this secret you may be able to recover it using the correct recovery command. For help resolving this issue, please see https://go.microsoft.com/fwlink/?linkid=2125182","timestamp":"2024-12-12T20:31:29.430Z"}
{"level":"error","message":"Document encryption failed: Encryption failed: Failed to retrieve key: A secret with (name/id) testkey2 was not found in this key vault. If you recently deleted this secret you may be able to recover it using the correct recovery command. For help resolving this issue, please see https://go.microsoft.com/fwlink/?linkid=2125182","timestamp":"2024-12-12T20:31:29.435Z"}
{"level":"error","message":"Failed to retrieve key: A secret with (name/id) testkey2 was not found in this key vault. If you recently deleted this secret you may be able to recover it using the correct recovery command. For help resolving this issue, please see https://go.microsoft.com/fwlink/?linkid=2125182","timestamp":"2024-12-12T20:31:30.696Z"}
{"level":"error","message":"Encryption failed: Failed to retrieve key: A secret with (name/id) testkey2 was not found in this key vault. If you recently deleted this secret you may be able to recover it using the correct recovery command. For help resolving this issue, please see https://go.microsoft.com/fwlink/?linkid=2125182","timestamp":"2024-12-12T20:31:30.701Z"}
{"level":"error","message":"Document encryption failed: Encryption failed: Failed to retrieve key: A secret with (name/id) testkey2 was not found in this key vault. If you recently deleted this secret you may be able to recover it using the correct recovery command. For help resolving this issue, please see https://go.microsoft.com/fwlink/?linkid=2125182","timestamp":"2024-12-12T20:31:30.706Z"}
{"level":"error","message":"Failed to retrieve key: A secret with (name/id) testkey2 was not found in this key vault. If you recently deleted this secret you may be able to recover it using the correct recovery command. For help resolving this issue, please see https://go.microsoft.com/fwlink/?linkid=2125182","timestamp":"2024-12-12T20:31:31.487Z"}
{"level":"error","message":"Encryption failed: Failed to retrieve key: A secret with (name/id) testkey2 was not found in this key vault. If you recently deleted this secret you may be able to recover it using the correct recovery command. For help resolving this issue, please see https://go.microsoft.com/fwlink/?linkid=2125182","timestamp":"2024-12-12T20:31:31.490Z"}
{"level":"error","message":"Document encryption failed: Encryption failed: Failed to retrieve key: A secret with (name/id) testkey2 was not found in this key vault. If you recently deleted this secret you may be able to recover it using the correct recovery command. For help resolving this issue, please see https://go.microsoft.com/fwlink/?linkid=2125182","timestamp":"2024-12-12T20:31:31.492Z"}
{"level":"error","message":"Failed to retrieve key: A secret with (name/id) testkey1-AES was not found in this key vault. If you recently deleted this secret you may be able to recover it using the correct recovery command. For help resolving this issue, please see https://go.microsoft.com/fwlink/?linkid=2125182","timestamp":"2024-12-12T20:31:41.277Z"}
{"level":"error","message":"Failed to retrieve key: A key with (name/id) testkey1-RSA was not found in this key vault. If you recently deleted this key you may be able to recover it using the correct recovery command. For help resolving this issue, please see https://go.microsoft.com/fwlink/?linkid=2125182","timestamp":"2024-12-12T20:32:10.790Z"}
{"level":"error","message":"Failed to create key: Error \"undefined.kty with value \"[object Object]\" must be of type string.\" occurred in serializing the payload - undefined.","timestamp":"2024-12-12T20:32:10.792Z"}
{"level":"error","message":"Key generation failed: Failed to create key: Error \"undefined.kty with value \"[object Object]\" must be of type string.\" occurred in serializing the payload - undefined.","timestamp":"2024-12-12T20:32:10.793Z"}
{"level":"error","message":"Failed to retrieve key: A key with (name/id) testkey4-RSA was not found in this key vault. If you recently deleted this key you may be able to recover it using the correct recovery command. For help resolving this issue, please see https://go.microsoft.com/fwlink/?linkid=2125182","timestamp":"2024-12-12T20:32:21.464Z"}
{"level":"error","message":"Failed to create key: Error \"undefined.kty with value \"[object Object]\" must be of type string.\" occurred in serializing the payload - undefined.","timestamp":"2024-12-12T20:32:21.466Z"}
{"level":"error","message":"Key generation failed: Failed to create key: Error \"undefined.kty with value \"[object Object]\" must be of type string.\" occurred in serializing the payload - undefined.","timestamp":"2024-12-12T20:32:21.468Z"}
{"level":"error","message":"Failed to retrieve key: A key with (name/id) testkey1-RSA was not found in this key vault. If you recently deleted this key you may be able to recover it using the correct recovery command. For help resolving this issue, please see https://go.microsoft.com/fwlink/?linkid=2125182","timestamp":"2024-12-12T20:32:33.620Z"}
{"level":"error","message":"Failed to create key: Error \"undefined.kty with value \"[object Object]\" must be of type string.\" occurred in serializing the payload - undefined.","timestamp":"2024-12-12T20:32:33.624Z"}
{"level":"error","message":"Key generation failed: Failed to create key: Error \"undefined.kty with value \"[object Object]\" must be of type string.\" occurred in serializing the payload - undefined.","timestamp":"2024-12-12T20:32:33.625Z"}
{"level":"error","message":"Failed to retrieve key: A key with (name/id) test4-RSA was not found in this key vault. If you recently deleted this key you may be able to recover it using the correct recovery command. For help resolving this issue, please see https://go.microsoft.com/fwlink/?linkid=2125182","timestamp":"2024-12-12T20:35:39.211Z"}
{"level":"error","message":"Failed to create key: Error \"undefined.kty with value \"[object Object]\" must be of type string.\" occurred in serializing the payload - undefined.","timestamp":"2024-12-12T20:35:39.217Z"}
{"level":"error","message":"Key generation failed: Failed to create key: Error \"undefined.kty with value \"[object Object]\" must be of type string.\" occurred in serializing the payload - undefined.","timestamp":"2024-12-12T20:35:39.220Z"}
{"level":"error","message":"Failed to retrieve key: A key with (name/id) test4-RSA was not found in this key vault. If you recently deleted this key you may be able to recover it using the correct recovery command. For help resolving this issue, please see https://go.microsoft.com/fwlink/?linkid=2125182","timestamp":"2024-12-12T20:36:52.325Z"}
{"level":"error","message":"Failed to create key: Error \"undefined.kty with value \"[object Object]\" must be of type string.\" occurred in serializing the payload - undefined.","timestamp":"2024-12-12T20:36:52.330Z"}
{"level":"error","message":"Key generation failed: Failed to create key: Error \"undefined.kty with value \"[object Object]\" must be of type string.\" occurred in serializing the payload - undefined.","timestamp":"2024-12-12T20:36:52.331Z"}
{"level":"error","message":"Failed to retrieve key: A key with (name/id) test4-EC was not found in this key vault. If you recently deleted this key you may be able to recover it using the correct recovery command. For help resolving this issue, please see https://go.microsoft.com/fwlink/?linkid=2125182","timestamp":"2024-12-12T20:36:57.770Z"}
{"level":"error","message":"Failed to create key: Error \"undefined.kty with value \"[object Object]\" must be of type string.\" occurred in serializing the payload - undefined.","timestamp":"2024-12-12T20:36:57.784Z"}
{"level":"error","message":"Key generation failed: Failed to create key: Error \"undefined.kty with value \"[object Object]\" must be of type string.\" occurred in serializing the payload - undefined.","timestamp":"2024-12-12T20:36:57.787Z"}
{"level":"error","message":"Failed to retrieve key: A key with (name/id) test4-RSA was not found in this key vault. If you recently deleted this key you may be able to recover it using the correct recovery command. For help resolving this issue, please see https://go.microsoft.com/fwlink/?linkid=2125182","timestamp":"2024-12-12T20:37:00.846Z"}
{"level":"error","message":"Failed to create key: Error \"undefined.kty with value \"[object Object]\" must be of type string.\" occurred in serializing the payload - undefined.","timestamp":"2024-12-12T20:37:00.850Z"}
{"level":"error","message":"Key generation failed: Failed to create key: Error \"undefined.kty with value \"[object Object]\" must be of type string.\" occurred in serializing the payload - undefined.","timestamp":"2024-12-12T20:37:00.851Z"}
{"level":"error","message":"Failed to retrieve key: A key with (name/id) test5-RSA was not found in this key vault. If you recently deleted this key you may be able to recover it using the correct recovery command. For help resolving this issue, please see https://go.microsoft.com/fwlink/?linkid=2125182","timestamp":"2024-12-12T20:37:06.378Z"}
{"level":"error","message":"Failed to create key: Error \"undefined.kty with value \"[object Object]\" must be of type string.\" occurred in serializing the payload - undefined.","timestamp":"2024-12-12T20:37:06.381Z"}
{"level":"error","message":"Key generation failed: Failed to create key: Error \"undefined.kty with value \"[object Object]\" must be of type string.\" occurred in serializing the payload - undefined.","timestamp":"2024-12-12T20:37:06.382Z"}
{"level":"error","message":"Failed to retrieve key: A key with (name/id) test4-RSA was not found in this key vault. If you recently deleted this key you may be able to recover it using the correct recovery command. For help resolving this issue, please see https://go.microsoft.com/fwlink/?linkid=2125182","timestamp":"2024-12-12T20:37:10.394Z"}
{"level":"error","message":"Failed to create key: Error \"undefined.kty with value \"[object Object]\" must be of type string.\" occurred in serializing the payload - undefined.","timestamp":"2024-12-12T20:37:10.397Z"}
{"level":"error","message":"Key generation failed: Failed to create key: Error \"undefined.kty with value \"[object Object]\" must be of type string.\" occurred in serializing the payload - undefined.","timestamp":"2024-12-12T20:37:10.399Z"}
{"level":"error","message":"Failed to retrieve key: A key with (name/id) test4-RSA was not found in this key vault. If you recently deleted this key you may be able to recover it using the correct recovery command. For help resolving this issue, please see https://go.microsoft.com/fwlink/?linkid=2125182","timestamp":"2024-12-12T20:37:11.871Z"}
{"level":"error","message":"Failed to create key: Error \"undefined.kty with value \"[object Object]\" must be of type string.\" occurred in serializing the payload - undefined.","timestamp":"2024-12-12T20:37:11.875Z"}
{"level":"error","message":"Key generation failed: Failed to create key: Error \"undefined.kty with value \"[object Object]\" must be of type string.\" occurred in serializing the payload - undefined.","timestamp":"2024-12-12T20:37:11.877Z"}
{"level":"error","message":"Failed to retrieve key: A secret with (name/id) test4-RSA-public was not found in this key vault. If you recently deleted this secret you may be able to recover it using the correct recovery command. For help resolving this issue, please see https://go.microsoft.com/fwlink/?linkid=2125182","timestamp":"2024-12-12T20:38:43.647Z"}
{"level":"error","message":"Failed to retrieve key: A secret with (name/id) test3-RSA-public was not found in this key vault. If you recently deleted this secret you may be able to recover it using the correct recovery command. For help resolving this issue, please see https://go.microsoft.com/fwlink/?linkid=2125182","timestamp":"2024-12-12T20:39:03.365Z"}
{"level":"error","message":"Key retrieval failed: Failed to retrieve key: A secret with (name/id) test3-RSA-public was not found in this key vault. If you recently deleted this secret you may be able to recover it using the correct recovery command. For help resolving this issue, please see https://go.microsoft.com/fwlink/?linkid=2125182","timestamp":"2024-12-12T20:39:03.378Z"}
{"level":"error","message":"Encryption failed: Cannot read properties of undefined (reading 'publicKey')","timestamp":"2024-12-12T20:39:25.151Z"}
{"level":"error","message":"File encryption failed: Encryption failed: Cannot read properties of undefined (reading 'publicKey')","timestamp":"2024-12-12T20:39:25.152Z"}
{"level":"error","message":"Failed to retrieve key: A secret with (name/id) testkey5-AES was not found in this key vault. If you recently deleted this secret you may be able to recover it using the correct recovery command. For help resolving this issue, please see https://go.microsoft.com/fwlink/?linkid=2125182","timestamp":"2024-12-12T20:44:25.097Z"}
{"level":"error","message":"Key generation failed: Key name already exists","timestamp":"2024-12-12T20:44:28.909Z"}
{"level":"error","message":"Failed to retrieve key: A secret with (name/id) testkey6-AES was not found in this key vault. If you recently deleted this secret you may be able to recover it using the correct recovery command. For help resolving this issue, please see https://go.microsoft.com/fwlink/?linkid=2125182","timestamp":"2024-12-12T20:44:34.951Z"}
{"level":"error","message":"Encryption failed: Invalid key length","timestamp":"2024-12-12T20:45:25.868Z"}
{"level":"error","message":"File encryption failed: Encryption failed: Invalid key length","timestamp":"2024-12-12T20:45:25.869Z"}
{"level":"error","message":"Failed to retrieve key: A secret with (name/id) testkey7-AES was not found in this key vault. If you recently deleted this secret you may be able to recover it using the correct recovery command. For help resolving this issue, please see https://go.microsoft.com/fwlink/?linkid=2125182","timestamp":"2024-12-12T20:46:06.674Z"}
{"level":"error","message":"Failed to retrieve key: A secret with (name/id) testkey8-RSA-public was not found in this key vault. If you recently deleted this secret you may be able to recover it using the correct recovery command. For help resolving this issue, please see https://go.microsoft.com/fwlink/?linkid=2125182","timestamp":"2024-12-12T20:46:49.983Z"}
{"level":"error","message":"Failed to retrieve key: A secret with (name/id) testkey9-RSA-public was not found in this key vault. If you recently deleted this secret you may be able to recover it using the correct recovery command. For help resolving this issue, please see https://go.microsoft.com/fwlink/?linkid=2125182","timestamp":"2024-12-12T20:47:40.594Z"}
{"level":"error","message":"Failed to retrieve key: A secret with (name/id) testkey13-RSA-public was not found in this key vault. If you recently deleted this secret you may be able to recover it using the correct recovery command. For help resolving this issue, please see https://go.microsoft.com/fwlink/?linkid=2125182","timestamp":"2024-12-12T21:51:53.637Z"}
{"level":"error","message":"Failed to retrieve key: A secret with (name/id) keytest11 was not found in this key vault. If you recently deleted this secret you may be able to recover it using the correct recovery command. For help resolving this issue, please see https://go.microsoft.com/fwlink/?linkid=2125182","timestamp":"2024-12-13T01:14:38.357Z"}
{"level":"error","message":"Failed to retrieve key: A secret with (name/id) keytest11 was not found in this key vault. If you recently deleted this secret you may be able to recover it using the correct recovery command. For help resolving this issue, please see https://go.microsoft.com/fwlink/?linkid=2125182","timestamp":"2024-12-13T01:14:52.812Z"}
{"level":"error","message":"Key retrieval failed: Failed to retrieve key: A secret with (name/id) keytest11 was not found in this key vault. If you recently deleted this secret you may be able to recover it using the correct recovery command. For help resolving this issue, please see https://go.microsoft.com/fwlink/?linkid=2125182","timestamp":"2024-12-13T01:14:52.816Z"}
{"level":"error","message":"Failed to retrieve key: A secret with (name/id) keytest11 was not found in this key vault. If you recently deleted this secret you may be able to recover it using the correct recovery command. For help resolving this issue, please see https://go.microsoft.com/fwlink/?linkid=2125182","timestamp":"2024-12-13T01:14:54.769Z"}
{"level":"error","message":"Key retrieval failed: Failed to retrieve key: A secret with (name/id) keytest11 was not found in this key vault. If you recently deleted this secret you may be able to recover it using the correct recovery command. For help resolving this issue, please see https://go.microsoft.com/fwlink/?linkid=2125182","timestamp":"2024-12-13T01:14:54.771Z"}
{"level":"error","message":"Failed to retrieve key: A secret with (name/id) keytest11 was not found in this key vault. If you recently deleted this secret you may be able to recover it using the correct recovery command. For help resolving this issue, please see https://go.microsoft.com/fwlink/?linkid=2125182","timestamp":"2024-12-13T01:14:55.699Z"}
{"level":"error","message":"Key retrieval failed: Failed to retrieve key: A secret with (name/id) keytest11 was not found in this key vault. If you recently deleted this secret you may be able to recover it using the correct recovery command. For help resolving this issue, please see https://go.microsoft.com/fwlink/?linkid=2125182","timestamp":"2024-12-13T01:14:55.704Z"}
{"level":"error","message":"Failed to retrieve key: A secret with (name/id) keytest22 was not found in this key vault. If you recently deleted this secret you may be able to recover it using the correct recovery command. For help resolving this issue, please see https://go.microsoft.com/fwlink/?linkid=2125182","timestamp":"2024-12-13T01:15:40.532Z"}
{"level":"error","message":"Failed to retrieve key: A secret with (name/id) keytest22 was not found in this key vault. If you recently deleted this secret you may be able to recover it using the correct recovery command. For help resolving this issue, please see https://go.microsoft.com/fwlink/?linkid=2125182","timestamp":"2024-12-13T01:15:47.471Z"}
{"level":"error","message":"Key retrieval failed: Failed to retrieve key: A secret with (name/id) keytest22 was not found in this key vault. If you recently deleted this secret you may be able to recover it using the correct recovery command. For help resolving this issue, please see https://go.microsoft.com/fwlink/?linkid=2125182","timestamp":"2024-12-13T01:15:47.472Z"}
{"level":"error","message":"Failed to retrieve key: A secret with (name/id) keytest22 was not found in this key vault. If you recently deleted this secret you may be able to recover it using the correct recovery command. For help resolving this issue, please see https://go.microsoft.com/fwlink/?linkid=2125182","timestamp":"2024-12-13T01:15:48.846Z"}
{"level":"error","message":"Key retrieval failed: Failed to retrieve key: A secret with (name/id) keytest22 was not found in this key vault. If you recently deleted this secret you may be able to recover it using the correct recovery command. For help resolving this issue, please see https://go.microsoft.com/fwlink/?linkid=2125182","timestamp":"2024-12-13T01:15:48.850Z"}
{"level":"error","message":"Failed to retrieve key: A secret with (name/id) keytest22 was not found in this key vault. If you recently deleted this secret you may be able to recover it using the correct recovery command. For help resolving this issue, please see https://go.microsoft.com/fwlink/?linkid=2125182","timestamp":"2024-12-13T01:15:49.880Z"}
{"level":"error","message":"Key retrieval failed: Failed to retrieve key: A secret with (name/id) keytest22 was not found in this key vault. If you recently deleted this secret you may be able to recover it using the correct recovery command. For help resolving this issue, please see https://go.microsoft.com/fwlink/?linkid=2125182","timestamp":"2024-12-13T01:15:49.882Z"}
{"level":"error","message":"Failed to retrieve key: Key not found in vault","timestamp":"2024-12-13T01:17:58.268Z"}
{"level":"error","message":"Failed to retrieve key: Key not found in vault","timestamp":"2024-12-13T01:26:21.669Z"}
{"level":"error","message":"Failed to retrieve key: Key not found in vault","timestamp":"2024-12-13T01:33:30.390Z"}
{"level":"error","message":"Failed to retrieve key: Key not found in vault","timestamp":"2024-12-13T15:35:54.835Z"}
{"level":"error","message":"Failed to retrieve key: Key not found in vault","timestamp":"2024-12-13T16:02:23.804Z"}
{"level":"error","message":"Failed to retrieve key: Key not found in vault","timestamp":"2024-12-13T16:07:07.879Z"}
{"level":"error","message":"Failed to create key: Error \"undefined.kty with value \"[object Object]\" must be of type string.\" occurred in serializing the payload - undefined.","timestamp":"2024-12-13T16:07:07.894Z"}
{"level":"error","message":"Key generation failed: Failed to create key: Error \"undefined.kty with value \"[object Object]\" must be of type string.\" occurred in serializing the payload - undefined.","timestamp":"2024-12-13T16:07:07.899Z"}
{"level":"error","message":"Failed to retrieve key: Key not found in vault","timestamp":"2024-12-13T16:07:39.240Z"}
{"level":"error","message":"Failed to create key: Error \"undefined.kty with value \"[object Object]\" must be of type string.\" occurred in serializing the payload - undefined.","timestamp":"2024-12-13T16:07:39.244Z"}
{"level":"error","message":"Key generation failed: Failed to create key: Error \"undefined.kty with value \"[object Object]\" must be of type string.\" occurred in serializing the payload - undefined.","timestamp":"2024-12-13T16:07:39.245Z"}
{"level":"error","message":"Failed to retrieve key: Key not found in vault","timestamp":"2024-12-13T16:11:10.785Z"}
{"level":"error","message":"Failed to create key: Error \"undefined.kty with value \"[object Object]\" must be of type string.\" occurred in serializing the payload - undefined.","timestamp":"2024-12-13T16:11:10.788Z"}
{"level":"error","message":"Key generation failed: Failed to create key: Error \"undefined.kty with value \"[object Object]\" must be of type string.\" occurred in serializing the payload - undefined.","timestamp":"2024-12-13T16:11:10.789Z"}
{"level":"error","message":"Failed to retrieve key: Key not found in vault","timestamp":"2024-12-13T16:14:06.648Z"}
{"level":"error","message":"Failed to create key: Error \"undefined.kty with value \"[object Object]\" must be of type string.\" occurred in serializing the payload - undefined.","timestamp":"2024-12-13T16:14:06.651Z"}
{"level":"error","message":"Key generation failed: Failed to create key: Error \"undefined.kty with value \"[object Object]\" must be of type string.\" occurred in serializing the payload - undefined.","timestamp":"2024-12-13T16:14:06.653Z"}
{"level":"error","message":"Failed to retrieve key: Key not found in vault","timestamp":"2024-12-13T16:15:40.401Z"}
{"level":"error","message":"Failed to create key: Error \"undefined.kty with value \"[object Object]\" must be of type string.\" occurred in serializing the payload - undefined.","timestamp":"2024-12-13T16:15:40.403Z"}
{"level":"error","message":"Key generation failed: Failed to create key: Error \"undefined.kty with value \"[object Object]\" must be of type string.\" occurred in serializing the payload - undefined.","timestamp":"2024-12-13T16:15:40.404Z"}
{"level":"error","message":"Failed to retrieve key: Key not found in vault","timestamp":"2024-12-13T16:17:01.933Z"}
{"level":"error","message":"RSA Key creation error details: Error \"undefined.kty with value \"[object Object]\" must be of type string.\" occurred in serializing the payload - undefined.","timestamp":"2024-12-13T16:17:01.938Z"}
{"level":"error","message":"Failed to create key: Error \"undefined.kty with value \"[object Object]\" must be of type string.\" occurred in serializing the payload - undefined.","timestamp":"2024-12-13T16:17:01.940Z"}
{"level":"error","message":"Key generation failed: Failed to create key: Error \"undefined.kty with value \"[object Object]\" must be of type string.\" occurred in serializing the payload - undefined.","timestamp":"2024-12-13T16:17:01.942Z"}
{"level":"error","message":"Failed to retrieve key: Key not found in vault","timestamp":"2024-12-13T16:17:30.916Z"}
{"level":"error","message":"RSA Key creation error details: Error \"undefined.kty with value \"[object Object]\" must be of type string.\" occurred in serializing the payload - undefined.","timestamp":"2024-12-13T16:17:30.924Z"}
{"level":"error","message":"Failed to create key: Error \"undefined.kty with value \"[object Object]\" must be of type string.\" occurred in serializing the payload - undefined.","timestamp":"2024-12-13T16:17:30.928Z"}
{"level":"error","message":"Key generation failed: Failed to create key: Error \"undefined.kty with value \"[object Object]\" must be of type string.\" occurred in serializing the payload - undefined.","timestamp":"2024-12-13T16:17:30.934Z"}
{"level":"error","message":"Failed to retrieve key: Key not found in vault","timestamp":"2024-12-13T16:18:58.222Z"}
{"level":"error","message":"RSA Key creation error details: Error \"undefined.kty with value \"[object Object]\" must be of type string.\" occurred in serializing the payload - undefined.","timestamp":"2024-12-13T16:18:58.224Z"}
{"level":"error","message":"Failed to create key: Error \"undefined.kty with value \"[object Object]\" must be of type string.\" occurred in serializing the payload - undefined.","timestamp":"2024-12-13T16:18:58.225Z"}
{"level":"error","message":"Key generation failed: Failed to create key: Error \"undefined.kty with value \"[object Object]\" must be of type string.\" occurred in serializing the payload - undefined.","timestamp":"2024-12-13T16:18:58.225Z"}
{"level":"error","message":"Failed to retrieve key: Key not found in vault","timestamp":"2024-12-13T16:19:14.780Z"}
{"level":"error","message":"Key generation failed: Key name already exists","timestamp":"2024-12-13T16:19:28.569Z"}
{"level":"error","message":"Failed to retrieve key: Key not found in vault","timestamp":"2024-12-13T16:20:01.391Z"}
{"level":"error","message":"Failed to retrieve key: Key not found in vault","timestamp":"2024-12-13T16:20:16.473Z"}
{"level":"error","message":"RSA Key creation error details: Error \"undefined.kty with value \"[object Object]\" must be of type string.\" occurred in serializing the payload - undefined.","timestamp":"2024-12-13T16:20:16.478Z"}
{"level":"error","message":"Failed to create key: Error \"undefined.kty with value \"[object Object]\" must be of type string.\" occurred in serializing the payload - undefined.","timestamp":"2024-12-13T16:20:16.481Z"}
{"level":"error","message":"Key generation failed: Failed to create key: Error \"undefined.kty with value \"[object Object]\" must be of type string.\" occurred in serializing the payload - undefined.","timestamp":"2024-12-13T16:20:16.483Z"}
{"level":"error","message":"Failed to retrieve key: Key not found in vault","timestamp":"2024-12-13T16:26:19.148Z"}
{"level":"error","message":"RSA Key creation error details: Error \"undefined.kty with value \"[object Object]\" must be of type string.\" occurred in serializing the payload - undefined.","timestamp":"2024-12-13T16:26:19.155Z"}
{"level":"error","message":"Failed to create key: Error \"undefined.kty with value \"[object Object]\" must be of type string.\" occurred in serializing the payload - undefined.","timestamp":"2024-12-13T16:26:19.158Z"}
{"level":"error","message":"Key generation failed: Failed to create key: Error \"undefined.kty with value \"[object Object]\" must be of type string.\" occurred in serializing the payload - undefined.","timestamp":"2024-12-13T16:26:19.164Z"}
{"level":"error","message":"Failed to retrieve key: A secret with (name/id) cade123 was not found in this key vault. If you recently deleted this secret you may be able to recover it using the correct recovery command. For help resolving this issue, please see https://go.microsoft.com/fwlink/?linkid=2125182","timestamp":"2024-12-13T16:27:37.828Z"}
{"level":"error","message":"Failed to retrieve key: A secret with (name/id) cade123 was not found in this key vault. If you recently deleted this secret you may be able to recover it using the correct recovery command. For help resolving this issue, please see https://go.microsoft.com/fwlink/?linkid=2125182","timestamp":"2024-12-13T16:27:48.526Z"}
{"level":"error","message":"Key retrieval failed: Failed to retrieve key: A secret with (name/id) cade123 was not found in this key vault. If you recently deleted this secret you may be able to recover it using the correct recovery command. For help resolving this issue, please see https://go.microsoft.com/fwlink/?linkid=2125182","timestamp":"2024-12-13T16:27:48.528Z"}
{"level":"error","message":"Encryption failed: The \"key.key\" property must be of type string or an instance of ArrayBuffer, Buffer, TypedArray, DataView, KeyObject, or CryptoKey. Received undefined","timestamp":"2024-12-13T16:30:13.859Z"}
{"level":"error","message":"Encryption failed: Encryption failed: The \"key.key\" property must be of type string or an instance of ArrayBuffer, Buffer, TypedArray, DataView, KeyObject, or CryptoKey. Received undefined","timestamp":"2024-12-13T16:30:13.863Z"}
{"level":"error","message":"Failed to retrieve key: Key not found in vault","timestamp":"2024-12-13T16:30:35.446Z"}
{"level":"error","message":"Encryption failed: The \"key.key\" property must be of type string or an instance of ArrayBuffer, Buffer, TypedArray, DataView, KeyObject, or CryptoKey. Received undefined","timestamp":"2024-12-13T16:30:50.443Z"}
{"level":"error","message":"Encryption failed: Encryption failed: The \"key.key\" property must be of type string or an instance of ArrayBuffer, Buffer, TypedArray, DataView, KeyObject, or CryptoKey. Received undefined","timestamp":"2024-12-13T16:30:50.449Z"}
{"level":"error","message":"Encryption failed: error:0200006E:rsa routines::data too large for key size","timestamp":"2024-12-13T16:32:14.089Z"}
{"level":"error","message":"Encryption failed: Encryption failed: error:0200006E:rsa routines::data too large for key size","timestamp":"2024-12-13T16:32:14.090Z"}
{"level":"error","message":"Encryption failed: error:0200006E:rsa routines::data too large for key size","timestamp":"2024-12-13T16:32:33.860Z"}
{"level":"error","message":"Encryption failed: Encryption failed: error:0200006E:rsa routines::data too large for key size","timestamp":"2024-12-13T16:32:33.867Z"}
{"level":"error","message":"Encryption failed: error:0200006E:rsa routines::data too large for key size","timestamp":"2024-12-13T16:33:10.380Z"}
{"level":"error","message":"Encryption failed: Encryption failed: error:0200006E:rsa routines::data too large for key size","timestamp":"2024-12-13T16:33:10.382Z"}
{"level":"error","message":"Encryption failed: error:0200006E:rsa routines::data too large for key size","timestamp":"2024-12-13T16:33:42.559Z"}
{"level":"error","message":"Encryption failed: Encryption failed: error:0200006E:rsa routines::data too large for key size","timestamp":"2024-12-13T16:33:42.562Z"}
{"level":"error","message":"Encryption failed: error:0200006E:rsa routines::data too large for key size","timestamp":"2024-12-13T16:36:50.864Z"}
{"level":"error","message":"Encryption failed: Encryption failed: error:0200006E:rsa routines::data too large for key size","timestamp":"2024-12-13T16:36:50.867Z"}
{"level":"error","message":"Decryption failed: error:02000079:rsa routines::oaep decoding error","timestamp":"2024-12-13T16:37:17.896Z"}
{"level":"error","message":"Decryption failed: Decryption failed: error:02000079:rsa routines::oaep decoding error","timestamp":"2024-12-13T16:37:17.897Z"}
{"level":"error","message":"Decryption failed: error:02000079:rsa routines::oaep decoding error","timestamp":"2024-12-13T16:38:15.436Z"}
{"level":"error","message":"Decryption failed: Decryption failed: error:02000079:rsa routines::oaep decoding error","timestamp":"2024-12-13T16:38:15.437Z"}
{"level":"error","message":"Detailed decryption error: error:02000079:rsa routines::oaep decoding error","timestamp":"2024-12-13T16:38:27.160Z"}
{"level":"error","message":"Error stack: Error: error:02000079:rsa routines::oaep decoding error\n    at Object.privateDecrypt (node:internal/crypto/cipher:79:12)\n    at EncryptionService.decrypt (C:\\Users\\Prime\\Desktop\\Test\\pdfdesk\\src\\services\\encryptionService.js:102:55)\n    at process.processTicksAndRejections (node:internal/process/task_queues:95:5)\n    at async C:\\Users\\Prime\\Desktop\\Test\\pdfdesk\\src\\api\\routes.js:166:33","timestamp":"2024-12-13T16:38:27.171Z"}
{"level":"error","message":"Encrypted buffer length: 256","timestamp":"2024-12-13T16:38:27.181Z"}
{"level":"error","message":"Max chunk size: NaN","timestamp":"2024-12-13T16:38:27.184Z"}
{"level":"error","message":"Number of chunks: NaN","timestamp":"2024-12-13T16:38:27.185Z"}
{"level":"error","message":"Decryption failed: Decryption failed: error:02000079:rsa routines::oaep decoding error","timestamp":"2024-12-13T16:38:27.191Z"}
{"level":"error","message":"Decryption failed: Decryption failed: Decryption failed: error:02000079:rsa routines::oaep decoding error","timestamp":"2024-12-13T16:38:27.194Z"}
{"level":"error","message":"Detailed decryption error: error:02000079:rsa routines::oaep decoding error","timestamp":"2024-12-13T16:39:34.503Z"}
{"level":"error","message":"Error stack: Error: error:02000079:rsa routines::oaep decoding error\n    at Object.privateDecrypt (node:internal/crypto/cipher:79:12)\n    at EncryptionService.decrypt (C:\\Users\\Prime\\Desktop\\Test\\pdfdesk\\src\\services\\encryptionService.js:102:55)\n    at process.processTicksAndRejections (node:internal/process/task_queues:95:5)\n    at async C:\\Users\\Prime\\Desktop\\Test\\pdfdesk\\src\\api\\routes.js:166:33","timestamp":"2024-12-13T16:39:34.506Z"}
{"level":"error","message":"Encrypted buffer length: 256","timestamp":"2024-12-13T16:39:34.508Z"}
{"level":"error","message":"Max chunk size: NaN","timestamp":"2024-12-13T16:39:34.509Z"}
{"level":"error","message":"Number of chunks: NaN","timestamp":"2024-12-13T16:39:34.511Z"}
{"level":"error","message":"Decryption failed: Decryption failed: error:02000079:rsa routines::oaep decoding error","timestamp":"2024-12-13T16:39:34.512Z"}
{"level":"error","message":"Decryption failed: Decryption failed: Decryption failed: error:02000079:rsa routines::oaep decoding error","timestamp":"2024-12-13T16:39:34.515Z"}
{"level":"error","message":"Encrypted buffer details:","timestamp":"2024-12-13T16:39:47.446Z"}
{"level":"error","message":"- Length: 256 bytes","timestamp":"2024-12-13T16:39:47.448Z"}
{"level":"error","message":"- First 20 bytes (hex): 2398c18e0aff98864f5659cdb3ebee813eaa27f7","timestamp":"2024-12-13T16:39:47.449Z"}
{"level":"error","message":"Encrypted buffer details:","timestamp":"2024-12-13T16:39:47.457Z"}
{"level":"error","message":"- Length: 256 bytes","timestamp":"2024-12-13T16:39:47.460Z"}
{"level":"error","message":"- First 20 bytes (hex): 2398c18e0aff98864f5659cdb3ebee813eaa27f7","timestamp":"2024-12-13T16:39:47.462Z"}
{"level":"error","message":"Decryption failed: All decryption methods failed","timestamp":"2024-12-13T16:39:47.464Z"}
{"level":"error","message":"Decryption failed: Decryption failed: All decryption methods failed","timestamp":"2024-12-13T16:39:47.466Z"}
{"level":"error","message":"Encrypted buffer details:","timestamp":"2024-12-13T16:41:59.412Z"}
{"level":"error","message":"- Length: 256 bytes","timestamp":"2024-12-13T16:41:59.414Z"}
{"level":"error","message":"- First 20 bytes (hex): 2398c18e0aff98864f5659cdb3ebee813eaa27f7","timestamp":"2024-12-13T16:41:59.415Z"}
{"level":"error","message":"Encrypted buffer details:","timestamp":"2024-12-13T16:41:59.423Z"}
{"level":"error","message":"- Length: 256 bytes","timestamp":"2024-12-13T16:41:59.424Z"}
{"level":"error","message":"- First 20 bytes (hex): 2398c18e0aff98864f5659cdb3ebee813eaa27f7","timestamp":"2024-12-13T16:41:59.427Z"}
{"level":"error","message":"Decryption failed: All decryption methods failed","timestamp":"2024-12-13T16:41:59.428Z"}
{"level":"error","message":"Decryption failed: Decryption failed: All decryption methods failed","timestamp":"2024-12-13T16:41:59.435Z"}
{"level":"error","message":"Decryption failed: RSA_PKCS1_PADDING is no longer supported for private decryption, this can be reverted with --security-revert=CVE-2023-46809","timestamp":"2024-12-13T16:42:10.648Z"}
{"level":"error","message":"Decryption failed: Decryption failed: RSA_PKCS1_PADDING is no longer supported for private decryption, this can be reverted with --security-revert=CVE-2023-46809","timestamp":"2024-12-13T16:42:10.650Z"}
{"level":"error","message":"Decryption failed: error:02000079:rsa routines::oaep decoding error","timestamp":"2024-12-13T16:44:19.571Z"}
{"level":"error","message":"Detailed error: Error: error:02000079:rsa routines::oaep decoding error","timestamp":"2024-12-13T16:44:19.573Z"}
{"level":"error","message":"Decryption failed: Decryption failed: error:02000079:rsa routines::oaep decoding error","timestamp":"2024-12-13T16:44:19.575Z"}
{"level":"error","message":"Encryption failed: error:0200006E:rsa routines::data too large for key size","timestamp":"2024-12-13T16:52:18.887Z"}
{"level":"error","message":"Encryption failed: Encryption failed: error:0200006E:rsa routines::data too large for key size","timestamp":"2024-12-13T16:52:18.888Z"}
{"level":"error","message":"Encryption failed: error:0200006E:rsa routines::data too large for key size","timestamp":"2024-12-13T16:54:00.045Z"}
{"level":"error","message":"Encryption failed: Encryption failed: error:0200006E:rsa routines::data too large for key size","timestamp":"2024-12-13T16:54:00.047Z"}
{"level":"error","message":"Encryption failed: error:0200006E:rsa routines::data too large for key size","timestamp":"2024-12-13T16:54:18.487Z"}
{"level":"error","message":"Encryption failed: Encryption failed: error:0200006E:rsa routines::data too large for key size","timestamp":"2024-12-13T16:54:18.493Z"}
{"level":"error","message":"Encryption failed: error:0200006E:rsa routines::data too large for key size","timestamp":"2024-12-13T16:55:46.535Z"}
{"level":"error","message":"Encryption failed: Encryption failed: error:0200006E:rsa routines::data too large for key size","timestamp":"2024-12-13T16:55:46.538Z"}
{"level":"error","message":"Encryption failed: error:0200006E:rsa routines::data too large for key size","timestamp":"2024-12-13T16:56:07.491Z"}
{"level":"error","message":"Encryption failed: Encryption failed: error:0200006E:rsa routines::data too large for key size","timestamp":"2024-12-13T16:56:07.498Z"}
{"level":"error","message":"Encryption failed: Cannot read properties of undefined (reading 'publicKey')","timestamp":"2024-12-13T16:58:53.909Z"}
{"level":"error","message":"Encryption failed: Encryption failed: Cannot read properties of undefined (reading 'publicKey')","timestamp":"2024-12-13T16:58:53.912Z"}
{"level":"error","message":"Decryption failed: error:02000079:rsa routines::oaep decoding error","timestamp":"2024-12-13T17:01:47.081Z"}
{"level":"error","message":"Decryption failed: Decryption failed: error:02000079:rsa routines::oaep decoding error","timestamp":"2024-12-13T17:01:47.086Z"}
{"level":"error","message":"Decryption failed: error:02000079:rsa routines::oaep decoding error","timestamp":"2024-12-13T17:03:50.668Z"}
{"level":"error","message":"Decryption failed: Decryption failed: error:02000079:rsa routines::oaep decoding error","timestamp":"2024-12-13T17:03:50.669Z"}
{"level":"error","message":"Decryption failed: error:02000079:rsa routines::oaep decoding error","timestamp":"2024-12-13T17:04:19.852Z"}
{"level":"error","message":"Decryption failed: Decryption failed: error:02000079:rsa routines::oaep decoding error","timestamp":"2024-12-13T17:04:19.857Z"}
{"level":"error","message":"Failed to retrieve key: A secret with (name/id) cade12345 was not found in this key vault. If you recently deleted this secret you may be able to recover it using the correct recovery command. For help resolving this issue, please see https://go.microsoft.com/fwlink/?linkid=2125182","timestamp":"2024-12-13T17:05:52.960Z"}
{"level":"error","message":"Failed to retrieve key: A secret with (name/id) cade123456 was not found in this key vault. If you recently deleted this secret you may be able to recover it using the correct recovery command. For help resolving this issue, please see https://go.microsoft.com/fwlink/?linkid=2125182","timestamp":"2024-12-13T17:07:04.907Z"}
{"level":"error","message":"Decryption failed: error:02000079:rsa routines::oaep decoding error","timestamp":"2024-12-13T17:07:38.190Z"}
{"level":"error","message":"Decryption failed: Decryption failed: error:02000079:rsa routines::oaep decoding error","timestamp":"2024-12-13T17:07:38.193Z"}
{"level":"error","message":"Chunk decryption failed: error:02000079:rsa routines::oaep decoding error","timestamp":"2024-12-13T17:19:22.325Z"}
{"level":"error","message":"Decryption failed: error:02000079:rsa routines::oaep decoding error","timestamp":"2024-12-13T17:19:22.326Z"}
{"level":"error","message":"Decryption failed: Decryption failed: error:02000079:rsa routines::oaep decoding error","timestamp":"2024-12-13T17:19:22.327Z"}
{"level":"error","message":"Failed to retrieve key: A secret with (name/id) cade1234567 was not found in this key vault. If you recently deleted this secret you may be able to recover it using the correct recovery command. For help resolving this issue, please see https://go.microsoft.com/fwlink/?linkid=2125182","timestamp":"2024-12-13T17:22:52.283Z"}
{"level":"error","message":"Chunk 0 decryption failed: error:02000079:rsa routines::oaep decoding error","timestamp":"2024-12-13T17:23:32.666Z"}
{"level":"error","message":"Chunk size: 256","timestamp":"2024-12-13T17:23:32.667Z"}
{"level":"error","message":"Full error stack: Error: error:02000079:rsa routines::oaep decoding error\n    at Object.privateDecrypt (node:internal/crypto/cipher:79:12)\n    at EncryptionService.decrypt (C:\\Users\\Prime\\Desktop\\Test\\pdfdesk\\src\\services\\encryptionService.js:121:55)\n    at process.processTicksAndRejections (node:internal/process/task_queues:95:5)\n    at async C:\\Users\\Prime\\Desktop\\Test\\pdfdesk\\src\\api\\routes.js:166:33","timestamp":"2024-12-13T17:23:32.671Z"}
{"level":"error","message":"Full decryption error: Error: Decryption failed at chunk 0: error:02000079:rsa routines::oaep decoding error\n    at EncryptionService.decrypt (C:\\Users\\Prime\\Desktop\\Test\\pdfdesk\\src\\services\\encryptionService.js:136:31)\n    at process.processTicksAndRejections (node:internal/process/task_queues:95:5)\n    at async C:\\Users\\Prime\\Desktop\\Test\\pdfdesk\\src\\api\\routes.js:166:33","timestamp":"2024-12-13T17:23:32.674Z"}
{"level":"error","message":"Decryption failed: Decryption failed: Decryption failed at chunk 0: error:02000079:rsa routines::oaep decoding error","timestamp":"2024-12-13T17:23:32.676Z"}
{"level":"error","message":"Chunk 0 decryption failed: error:02000079:rsa routines::oaep decoding error","timestamp":"2024-12-13T17:24:13.792Z"}
{"level":"error","message":"Chunk size: 256","timestamp":"2024-12-13T17:24:13.793Z"}
{"level":"error","message":"Full error stack: Error: error:02000079:rsa routines::oaep decoding error\n    at Object.privateDecrypt (node:internal/crypto/cipher:79:12)\n    at EncryptionService.decrypt (C:\\Users\\Prime\\Desktop\\Test\\pdfdesk\\src\\services\\encryptionService.js:121:55)\n    at process.processTicksAndRejections (node:internal/process/task_queues:95:5)\n    at async C:\\Users\\Prime\\Desktop\\Test\\pdfdesk\\src\\api\\routes.js:166:33","timestamp":"2024-12-13T17:24:13.795Z"}
{"level":"error","message":"Full decryption error: Error: Decryption failed at chunk 0: error:02000079:rsa routines::oaep decoding error\n    at EncryptionService.decrypt (C:\\Users\\Prime\\Desktop\\Test\\pdfdesk\\src\\services\\encryptionService.js:136:31)\n    at process.processTicksAndRejections (node:internal/process/task_queues:95:5)\n    at async C:\\Users\\Prime\\Desktop\\Test\\pdfdesk\\src\\api\\routes.js:166:33","timestamp":"2024-12-13T17:24:13.798Z"}
{"level":"error","message":"Decryption failed: Decryption failed: Decryption failed at chunk 0: error:02000079:rsa routines::oaep decoding error","timestamp":"2024-12-13T17:24:13.801Z"}
{"level":"error","message":"Failed to retrieve key: A secret with (name/id) cade12345678 was not found in this key vault. If you recently deleted this secret you may be able to recover it using the correct recovery command. For help resolving this issue, please see https://go.microsoft.com/fwlink/?linkid=2125182","timestamp":"2024-12-13T17:24:29.574Z"}
{"level":"error","message":"Failed to retrieve key: A secret with (name/id) cade123456789 was not found in this key vault. If you recently deleted this secret you may be able to recover it using the correct recovery command. For help resolving this issue, please see https://go.microsoft.com/fwlink/?linkid=2125182","timestamp":"2024-12-13T17:25:44.343Z"}
{"level":"error","message":"Full encryption error: RangeError: Invalid key length\n    at Cipheriv.createCipherBase (node:internal/crypto/cipher:121:19)\n    at Cipheriv.createCipherWithIV (node:internal/crypto/cipher:140:3)\n    at new Cipheriv (node:internal/crypto/cipher:243:3)\n    at Object.createCipheriv (node:crypto:147:10)\n    at EncryptionService.encrypt (C:\\Users\\Prime\\Desktop\\Test\\pdfdesk\\src\\services\\encryptionService.js:16:39)\n    at process.processTicksAndRejections (node:internal/process/task_queues:95:5)\n    at async C:\\Users\\Prime\\Desktop\\Test\\pdfdesk\\src\\api\\routes.js:95:33","timestamp":"2024-12-13T17:26:11.374Z"}
{"level":"error","message":"Encryption failed: Encryption failed: Invalid key length","timestamp":"2024-12-13T17:26:11.381Z"}
{"level":"error","message":"Failed to retrieve key: A secret with (name/id) cade90 was not found in this key vault. If you recently deleted this secret you may be able to recover it using the correct recovery command. For help resolving this issue, please see https://go.microsoft.com/fwlink/?linkid=2125182","timestamp":"2024-12-13T17:27:09.194Z"}
{"level":"error","message":"Failed to retrieve key: A secret with (name/id) cade91 was not found in this key vault. If you recently deleted this secret you may be able to recover it using the correct recovery command. For help resolving this issue, please see https://go.microsoft.com/fwlink/?linkid=2125182","timestamp":"2024-12-13T17:28:01.846Z"}
{"level":"error","message":"Decryption failed: Cannot read properties of undefined (reading 'duration')","timestamp":"2024-12-13T18:05:49.735Z"}
{"level":"error","message":"Failed to retrieve key: A secret with (name/id) cade92 was not found in this key vault. If you recently deleted this secret you may be able to recover it using the correct recovery command. For help resolving this issue, please see https://go.microsoft.com/fwlink/?linkid=2125182","timestamp":"2024-12-13T18:06:33.292Z"}
{"level":"error","message":"Failed to retrieve key: A secret with (name/id) 93 was not found in this key vault. If you recently deleted this secret you may be able to recover it using the correct recovery command. For help resolving this issue, please see https://go.microsoft.com/fwlink/?linkid=2125182","timestamp":"2024-12-13T18:28:14.193Z"}
{"level":"error","message":"Failed to retrieve key: A secret with (name/id) 94 was not found in this key vault. If you recently deleted this secret you may be able to recover it using the correct recovery command. For help resolving this issue, please see https://go.microsoft.com/fwlink/?linkid=2125182","timestamp":"2024-12-13T18:31:48.569Z"}
{"level":"error","message":"Failed to retrieve key: A secret with (name/id) 95 was not found in this key vault. If you recently deleted this secret you may be able to recover it using the correct recovery command. For help resolving this issue, please see https://go.microsoft.com/fwlink/?linkid=2125182","timestamp":"2024-12-13T18:32:06.453Z"}
{"level":"error","message":"RSA retrieval failed: A secret with (name/id) 96-public was not found in this key vault. If you recently deleted this secret you may be able to recover it using the correct recovery command. For help resolving this issue, please see https://go.microsoft.com/fwlink/?linkid=2125182","timestamp":"2024-12-13T18:34:39.465Z"}
{"level":"error","message":"Failed to retrieve key: A secret with (name/id) 96 was not found in this key vault. If you recently deleted this secret you may be able to recover it using the correct recovery command. For help resolving this issue, please see https://go.microsoft.com/fwlink/?linkid=2125182","timestamp":"2024-12-13T18:34:39.728Z"}
{"level":"error","message":"Key retrieval failed: Failed to retrieve key: A secret with (name/id) 96 was not found in this key vault. If you recently deleted this secret you may be able to recover it using the correct recovery command. For help resolving this issue, please see https://go.microsoft.com/fwlink/?linkid=2125182","timestamp":"2024-12-13T18:34:39.730Z"}
{"level":"error","message":"RSA retrieval failed: A secret with (name/id) 96-public was not found in this key vault. If you recently deleted this secret you may be able to recover it using the correct recovery command. For help resolving this issue, please see https://go.microsoft.com/fwlink/?linkid=2125182","timestamp":"2024-12-13T18:34:47.290Z"}
{"level":"error","message":"Failed to retrieve key: A secret with (name/id) 96 was not found in this key vault. If you recently deleted this secret you may be able to recover it using the correct recovery command. For help resolving this issue, please see https://go.microsoft.com/fwlink/?linkid=2125182","timestamp":"2024-12-13T18:34:47.563Z"}
{"level":"error","message":"RSA retrieval failed: A secret with (name/id) 97-public was not found in this key vault. If you recently deleted this secret you may be able to recover it using the correct recovery command. For help resolving this issue, please see https://go.microsoft.com/fwlink/?linkid=2125182","timestamp":"2024-12-13T18:36:20.208Z"}
{"level":"error","message":"RSA retrieval failed: A secret with (name/id) cade-public was not found in this key vault. If you recently deleted this secret you may be able to recover it using the correct recovery command. For help resolving this issue, please see https://go.microsoft.com/fwlink/?linkid=2125182","timestamp":"2024-12-13T18:36:43.556Z"}
{"level":"error","message":"RSA retrieval failed: A secret with (name/id) cade2-public was not found in this key vault. If you recently deleted this secret you may be able to recover it using the correct recovery command. For help resolving this issue, please see https://go.microsoft.com/fwlink/?linkid=2125182","timestamp":"2024-12-13T18:36:47.712Z"}
{"level":"error","message":"Key retrieval failed: A secret with (name/id) cade2 was not found in this key vault. If you recently deleted this secret you may be able to recover it using the correct recovery command. For help resolving this issue, please see https://go.microsoft.com/fwlink/?linkid=2125182","timestamp":"2024-12-13T18:36:48.077Z"}
{"level":"error","message":"RSA retrieval failed: A secret with (name/id) cade22-public was not found in this key vault. If you recently deleted this secret you may be able to recover it using the correct recovery command. For help resolving this issue, please see https://go.microsoft.com/fwlink/?linkid=2125182","timestamp":"2024-12-13T18:36:51.622Z"}
{"level":"error","message":"Key retrieval failed: A secret with (name/id) cade22 was not found in this key vault. If you recently deleted this secret you may be able to recover it using the correct recovery command. For help resolving this issue, please see https://go.microsoft.com/fwlink/?linkid=2125182","timestamp":"2024-12-13T18:36:51.989Z"}
{"level":"error","message":"RSA retrieval failed: A secret with (name/id) cadeyeager-public was not found in this key vault. If you recently deleted this secret you may be able to recover it using the correct recovery command. For help resolving this issue, please see https://go.microsoft.com/fwlink/?linkid=2125182","timestamp":"2024-12-13T18:36:55.946Z"}
{"level":"error","message":"Key retrieval failed: A secret with (name/id) cadeyeager was not found in this key vault. If you recently deleted this secret you may be able to recover it using the correct recovery command. For help resolving this issue, please see https://go.microsoft.com/fwlink/?linkid=2125182","timestamp":"2024-12-13T18:36:56.296Z"}
{"level":"error","message":"RSA retrieval failed: A secret with (name/id) yeager-public was not found in this key vault. If you recently deleted this secret you may be able to recover it using the correct recovery command. For help resolving this issue, please see https://go.microsoft.com/fwlink/?linkid=2125182","timestamp":"2024-12-13T18:37:00.372Z"}
{"level":"error","message":"RSA retrieval failed: A secret with (name/id) 98-public was not found in this key vault. If you recently deleted this secret you may be able to recover it using the correct recovery command. For help resolving this issue, please see https://go.microsoft.com/fwlink/?linkid=2125182","timestamp":"2024-12-13T18:38:43.038Z"}
{"level":"error","message":"RSA retrieval failed: A secret with (name/id) cade-public was not found in this key vault. If you recently deleted this secret you may be able to recover it using the correct recovery command. For help resolving this issue, please see https://go.microsoft.com/fwlink/?linkid=2125182","timestamp":"2024-12-13T18:40:44.173Z"}
{"level":"error","message":"RSA retrieval failed: A secret with (name/id) 99-public was not found in this key vault. If you recently deleted this secret you may be able to recover it using the correct recovery command. For help resolving this issue, please see https://go.microsoft.com/fwlink/?linkid=2125182","timestamp":"2024-12-13T18:42:06.971Z"}
{"level":"error","message":"Decryption error at chunk 0: error:02000079:rsa routines::oaep decoding error","timestamp":"2024-12-13T18:42:41.380Z"}
{"level":"error","message":"Chunk size: 256","timestamp":"2024-12-13T18:42:41.380Z"}
{"level":"error","message":"Decryption error: Error: error:02000079:rsa routines::oaep decoding error\n    at Object.privateDecrypt (node:internal/crypto/cipher:79:12)\n    at C:\\Users\\Prime\\Desktop\\Test\\pdfdesk\\src\\services\\encryptionService.js:107:39\n    at Array.map (<anonymous>)\n    at EncryptionService.decrypt (C:\\Users\\Prime\\Desktop\\Test\\pdfdesk\\src\\services\\encryptionService.js:105:48)\n    at process.processTicksAndRejections (node:internal/process/task_queues:95:5)\n    at async C:\\Users\\Prime\\Desktop\\Test\\pdfdesk\\src\\api\\routes.js:185:33","timestamp":"2024-12-13T18:42:41.382Z"}
{"level":"error","message":"Decryption failed: Decryption failed: error:02000079:rsa routines::oaep decoding error","timestamp":"2024-12-13T18:42:41.383Z"}
{"level":"error","message":"RSA retrieval failed: A secret with (name/id) cadeyeager-public was not found in this key vault. If you recently deleted this secret you may be able to recover it using the correct recovery command. For help resolving this issue, please see https://go.microsoft.com/fwlink/?linkid=2125182","timestamp":"2024-12-13T18:43:40.461Z"}
{"level":"error","message":"RSA retrieval failed: A secret with (name/id) cadeyeager-public was not found in this key vault. If you recently deleted this secret you may be able to recover it using the correct recovery command. For help resolving this issue, please see https://go.microsoft.com/fwlink/?linkid=2125182","timestamp":"2024-12-13T18:43:46.999Z"}
{"level":"error","message":"RSA retrieval failed: A secret with (name/id) cadeyeager-public was not found in this key vault. If you recently deleted this secret you may be able to recover it using the correct recovery command. For help resolving this issue, please see https://go.microsoft.com/fwlink/?linkid=2125182","timestamp":"2024-12-13T18:44:04.196Z"}
{"level":"error","message":"RSA retrieval failed: A secret with (name/id) cadeyeager-public was not found in this key vault. If you recently deleted this secret you may be able to recover it using the correct recovery command. For help resolving this issue, please see https://go.microsoft.com/fwlink/?linkid=2125182","timestamp":"2024-12-13T18:44:10.715Z"}
{"level":"error","message":"RSA retrieval failed: A secret with (name/id) cadeyeager-public was not found in this key vault. If you recently deleted this secret you may be able to recover it using the correct recovery command. For help resolving this issue, please see https://go.microsoft.com/fwlink/?linkid=2125182","timestamp":"2024-12-13T18:44:35.495Z"}
{"level":"error","message":"RSA retrieval failed: A secret with (name/id) cadeyeager-public was not found in this key vault. If you recently deleted this secret you may be able to recover it using the correct recovery command. For help resolving this issue, please see https://go.microsoft.com/fwlink/?linkid=2125182","timestamp":"2024-12-13T18:44:42.770Z"}
{"level":"error","message":"RSA retrieval failed: A secret with (name/id) cadeyeager-public was not found in this key vault. If you recently deleted this secret you may be able to recover it using the correct recovery command. For help resolving this issue, please see https://go.microsoft.com/fwlink/?linkid=2125182","timestamp":"2024-12-13T18:44:56.280Z"}
{"level":"error","message":"RSA retrieval failed: A secret with (name/id) cadeyeager-public was not found in this key vault. If you recently deleted this secret you may be able to recover it using the correct recovery command. For help resolving this issue, please see https://go.microsoft.com/fwlink/?linkid=2125182","timestamp":"2024-12-13T18:45:07.629Z"}
{"level":"error","message":"RSA retrieval failed: A secret with (name/id) cadeyeager-public was not found in this key vault. If you recently deleted this secret you may be able to recover it using the correct recovery command. For help resolving this issue, please see https://go.microsoft.com/fwlink/?linkid=2125182","timestamp":"2024-12-13T18:45:15.993Z"}
{"level":"error","message":"Key generation failed: Key name already exists","timestamp":"2024-12-13T18:45:16.264Z"}
{"level":"error","message":"RSA retrieval failed: A secret with (name/id) cadeyeager2-public was not found in this key vault. If you recently deleted this secret you may be able to recover it using the correct recovery command. For help resolving this issue, please see https://go.microsoft.com/fwlink/?linkid=2125182","timestamp":"2024-12-13T18:45:21.463Z"}
